#! /usr/bin/vvp
:ivl_version "11.0 (stable)";
:ivl_delay_selection "TYPICAL";
:vpi_time_precision - 12;
:vpi_module "/usr/lib/x86_64-linux-gnu/ivl/system.vpi";
:vpi_module "/usr/lib/x86_64-linux-gnu/ivl/vhdl_sys.vpi";
:vpi_module "/usr/lib/x86_64-linux-gnu/ivl/vhdl_textio.vpi";
:vpi_module "/usr/lib/x86_64-linux-gnu/ivl/v2005_math.vpi";
:vpi_module "/usr/lib/x86_64-linux-gnu/ivl/va_math.vpi";
S_0x55bf17224df0 .scope module, "toptb" "toptb" 2 3;
 .timescale -9 -12;
v0x55bf17272d80_0 .var "in", 3 0;
v0x55bf17272e40_0 .net "out", 3 0, v0x55bf17226be0_0;  1 drivers
S_0x55bf17224f80 .scope module, "dut" "sbox" 2 7, 3 1 0, S_0x55bf17224df0;
 .timescale -9 -12;
    .port_info 0 /INPUT 4 "in";
    .port_info 1 /OUTPUT 4 "out";
v0x55bf172267f0_0 .net "in", 3 0, v0x55bf17272d80_0;  1 drivers
v0x55bf17226be0_0 .var "out", 3 0;
E_0x55bf1724ea90 .event edge, v0x55bf172267f0_0;
    .scope S_0x55bf17224f80;
T_0 ;
    %wait E_0x55bf1724ea90;
    %load/vec4 v0x55bf172267f0_0;
    %dup/vec4;
    %pushi/vec4 0, 0, 4;
    %cmp/u;
    %jmp/1 T_0.0, 6;
    %dup/vec4;
    %pushi/vec4 1, 0, 4;
    %cmp/u;
    %jmp/1 T_0.1, 6;
    %dup/vec4;
    %pushi/vec4 2, 0, 4;
    %cmp/u;
    %jmp/1 T_0.2, 6;
    %dup/vec4;
    %pushi/vec4 3, 0, 4;
    %cmp/u;
    %jmp/1 T_0.3, 6;
    %dup/vec4;
    %pushi/vec4 4, 0, 4;
    %cmp/u;
    %jmp/1 T_0.4, 6;
    %dup/vec4;
    %pushi/vec4 5, 0, 4;
    %cmp/u;
    %jmp/1 T_0.5, 6;
    %dup/vec4;
    %pushi/vec4 6, 0, 4;
    %cmp/u;
    %jmp/1 T_0.6, 6;
    %dup/vec4;
    %pushi/vec4 7, 0, 4;
    %cmp/u;
    %jmp/1 T_0.7, 6;
    %dup/vec4;
    %pushi/vec4 8, 0, 4;
    %cmp/u;
    %jmp/1 T_0.8, 6;
    %dup/vec4;
    %pushi/vec4 9, 0, 4;
    %cmp/u;
    %jmp/1 T_0.9, 6;
    %dup/vec4;
    %pushi/vec4 10, 0, 4;
    %cmp/u;
    %jmp/1 T_0.10, 6;
    %dup/vec4;
    %pushi/vec4 11, 0, 4;
    %cmp/u;
    %jmp/1 T_0.11, 6;
    %dup/vec4;
    %pushi/vec4 12, 0, 4;
    %cmp/u;
    %jmp/1 T_0.12, 6;
    %dup/vec4;
    %pushi/vec4 13, 0, 4;
    %cmp/u;
    %jmp/1 T_0.13, 6;
    %dup/vec4;
    %pushi/vec4 14, 0, 4;
    %cmp/u;
    %jmp/1 T_0.14, 6;
    %dup/vec4;
    %pushi/vec4 15, 0, 4;
    %cmp/u;
    %jmp/1 T_0.15, 6;
    %pushi/vec4 0, 0, 4;
    %store/vec4 v0x55bf17226be0_0, 0, 4;
    %jmp T_0.17;
T_0.0 ;
    %pushi/vec4 12, 0, 4;
    %store/vec4 v0x55bf17226be0_0, 0, 4;
    %jmp T_0.17;
T_0.1 ;
    %pushi/vec4 5, 0, 4;
    %store/vec4 v0x55bf17226be0_0, 0, 4;
    %jmp T_0.17;
T_0.2 ;
    %pushi/vec4 6, 0, 4;
    %store/vec4 v0x55bf17226be0_0, 0, 4;
    %jmp T_0.17;
T_0.3 ;
    %pushi/vec4 11, 0, 4;
    %store/vec4 v0x55bf17226be0_0, 0, 4;
    %jmp T_0.17;
T_0.4 ;
    %pushi/vec4 9, 0, 4;
    %store/vec4 v0x55bf17226be0_0, 0, 4;
    %jmp T_0.17;
T_0.5 ;
    %pushi/vec4 0, 0, 4;
    %store/vec4 v0x55bf17226be0_0, 0, 4;
    %jmp T_0.17;
T_0.6 ;
    %pushi/vec4 10, 0, 4;
    %store/vec4 v0x55bf17226be0_0, 0, 4;
    %jmp T_0.17;
T_0.7 ;
    %pushi/vec4 13, 0, 4;
    %store/vec4 v0x55bf17226be0_0, 0, 4;
    %jmp T_0.17;
T_0.8 ;
    %pushi/vec4 3, 0, 4;
    %store/vec4 v0x55bf17226be0_0, 0, 4;
    %jmp T_0.17;
T_0.9 ;
    %pushi/vec4 14, 0, 4;
    %store/vec4 v0x55bf17226be0_0, 0, 4;
    %jmp T_0.17;
T_0.10 ;
    %pushi/vec4 15, 0, 4;
    %store/vec4 v0x55bf17226be0_0, 0, 4;
    %jmp T_0.17;
T_0.11 ;
    %pushi/vec4 8, 0, 4;
    %store/vec4 v0x55bf17226be0_0, 0, 4;
    %jmp T_0.17;
T_0.12 ;
    %pushi/vec4 4, 0, 4;
    %store/vec4 v0x55bf17226be0_0, 0, 4;
    %jmp T_0.17;
T_0.13 ;
    %pushi/vec4 7, 0, 4;
    %store/vec4 v0x55bf17226be0_0, 0, 4;
    %jmp T_0.17;
T_0.14 ;
    %pushi/vec4 1, 0, 4;
    %store/vec4 v0x55bf17226be0_0, 0, 4;
    %jmp T_0.17;
T_0.15 ;
    %pushi/vec4 2, 0, 4;
    %store/vec4 v0x55bf17226be0_0, 0, 4;
    %jmp T_0.17;
T_0.17 ;
    %pop/vec4 1;
    %jmp T_0;
    .thread T_0, $push;
    .scope S_0x55bf17224df0;
T_1 ;
    %vpi_call 2 12 "$dumpfile", "trace.vcd" {0 0 0};
    %vpi_call 2 13 "$dumpvars", 32'sb00000000000000000000000000000000, S_0x55bf17224df0 {0 0 0};
    %pushi/vec4 0, 0, 4;
    %store/vec4 v0x55bf17272d80_0, 0, 4;
    %pushi/vec4 16, 0, 32;
T_1.0 %dup/vec4;
    %pushi/vec4 0, 0, 32;
    %cmp/s;
    %jmp/1xz T_1.1, 5;
    %jmp/1 T_1.1, 4;
    %pushi/vec4 1, 0, 32;
    %sub;
    %delay 5000, 0;
    %vpi_call 2 21 "$display", "%x -> %x", v0x55bf17272d80_0, v0x55bf17272e40_0 {0 0 0};
    %load/vec4 v0x55bf17272d80_0;
    %addi 1, 0, 4;
    %store/vec4 v0x55bf17272d80_0, 0, 4;
    %jmp T_1.0;
T_1.1 ;
    %pop/vec4 1;
    %vpi_call 2 25 "$finish" {0 0 0};
    %end;
    .thread T_1;
# The file index is used to find the file name in the following table.
:file_names 4;
    "N/A";
    "<interactive>";
    "sboxtb.v";
    "../rtl/sbox.v";
